# JRE version: Java(TM) SE Runtime Environment (8.0_171-b11) (build 1.8.0_171-b11)
# Java VM: Java HotSpot(TM) 64-Bit Server VM (25.171-b11 mixed mode linux-amd64 compressed oops)
Heap:
 PSYoungGen      total 14848K, used 9842K [0x00000000d6600000, 0x00000000d8180000, 0x0000000100000000)
  eden space 12800K, 61% used [0x00000000d6600000,0x00000000d6da4ad0,0x00000000d7280000)
  from space 2048K, 98% used [0x00000000d7280000,0x00000000d7478020,0x00000000d7480000)
  to   space 7680K, 0% used [0x00000000d7a00000,0x00000000d7a00000,0x00000000d8180000)
 ParOldGen       total 34304K, used 9995K [0x0000000083200000, 0x0000000085380000, 0x00000000d6600000)
  object space 34304K, 29% used [0x0000000083200000,0x0000000083bc2e58,0x0000000085380000)
 Metaspace       used 19217K, capacity 20116K, committed 20352K, reserved 1067008K
  class space    used 2713K, capacity 2928K, committed 2944K, reserved 1048576K
GC Heap History (10 events):
Event: 0.432 GC heap before
{Heap before GC invocations=1 (full 0):
 PSYoungGen      total 14848K, used 12800K [0x00000000d6600000, 0x00000000d7680000, 0x0000000100000000)
  eden space 12800K, 100% used [0x00000000d6600000,0x00000000d7280000,0x00000000d7280000)
  from space 2048K, 0% used [0x00000000d7480000,0x00000000d7480000,0x00000000d7680000)
  to   space 2048K, 0% used [0x00000000d7280000,0x00000000d7280000,0x00000000d7480000)
 ParOldGen       total 34304K, used 0K [0x0000000083200000, 0x0000000085380000, 0x00000000d6600000)
  object space 34304K, 0% used [0x0000000083200000,0x0000000083200000,0x0000000085380000)
 Metaspace       used 7507K, capacity 7804K, committed 7936K, reserved 1056768K
  class space    used 863K, capacity 963K, committed 1024K, reserved 1048576K
Event: 0.435 GC heap after
Heap after GC invocations=1 (full 0):
 PSYoungGen      total 14848K, used 1744K [0x00000000d6600000, 0x00000000d7680000, 0x0000000100000000)
  eden space 12800K, 0% used [0x00000000d6600000,0x00000000d6600000,0x00000000d7280000)
  from space 2048K, 85% used [0x00000000d7280000,0x00000000d7434040,0x00000000d7480000)
  to   space 2048K, 0% used [0x00000000d7480000,0x00000000d7480000,0x00000000d7680000)
 ParOldGen       total 34304K, used 8K [0x0000000083200000, 0x0000000085380000, 0x00000000d6600000)
  object space 34304K, 0% used [0x0000000083200000,0x0000000083202000,0x0000000085380000)
 Metaspace       used 7507K, capacity 7804K, committed 7936K, reserved 1056768K
  class space    used 863K, capacity 963K, committed 1024K, reserved 1048576K
}
Event: 0.717 GC heap before
{Heap before GC invocations=2 (full 0):
 PSYoungGen      total 14848K, used 14544K [0x00000000d6600000, 0x00000000d7680000, 0x0000000100000000)
  eden space 12800K, 100% used [0x00000000d6600000,0x00000000d7280000,0x00000000d7280000)
  from space 2048K, 85% used [0x00000000d7280000,0x00000000d7434040,0x00000000d7480000)
  to   space 2048K, 0% used [0x00000000d7480000,0x00000000d7480000,0x00000000d7680000)
 ParOldGen       total 34304K, used 8K [0x0000000083200000, 0x0000000085380000, 0x00000000d6600000)
  object space 34304K, 0% used [0x0000000083200000,0x0000000083202000,0x0000000085380000)
 Metaspace       used 11176K, capacity 11576K, committed 11904K, reserved 1058816K
  class space    used 1446K, capacity 1570K, committed 1664K, reserved 1048576K
Event: 0.722 GC heap after
Heap after GC invocations=2 (full 0):
 PSYoungGen      total 14848K, used 2032K [0x00000000d6600000, 0x00000000d8300000, 0x0000000100000000)
  eden space 12800K, 0% used [0x00000000d6600000,0x00000000d6600000,0x00000000d7280000)
  from space 2048K, 99% used [0x00000000d7480000,0x00000000d767c030,0x00000000d7680000)
  to   space 2048K, 0% used [0x00000000d7280000,0x00000000d7280000,0x00000000d7480000)
 ParOldGen       total 34304K, used 1534K [0x0000000083200000, 0x0000000085380000, 0x00000000d6600000)
  object space 34304K, 4% used [0x0000000083200000,0x000000008337fad8,0x0000000085380000)
 Metaspace       used 11176K, capacity 11576K, committed 11904K, reserved 1058816K
  class space    used 1446K, capacity 1570K, committed 1664K, reserved 1048576K
}
Event: 1.088 GC heap before
{Heap before GC invocations=3 (full 0):
 PSYoungGen      total 14848K, used 14832K [0x00000000d6600000, 0x00000000d8300000, 0x0000000100000000)
  eden space 12800K, 100% used [0x00000000d6600000,0x00000000d7280000,0x00000000d7280000)
  from space 2048K, 99% used [0x00000000d7480000,0x00000000d767c030,0x00000000d7680000)
  to   space 2048K, 0% used [0x00000000d7280000,0x00000000d7280000,0x00000000d7480000)
 ParOldGen       total 34304K, used 1534K [0x0000000083200000, 0x0000000085380000, 0x00000000d6600000)
  object space 34304K, 4% used [0x0000000083200000,0x000000008337fad8,0x0000000085380000)
 Metaspace       used 15070K, capacity 15798K, committed 16128K, reserved 1062912K
  class space    used 2254K, capacity 2459K, committed 2560K, reserved 1048576K
Event: 1.093 GC heap after
Heap after GC invocations=3 (full 0):
 PSYoungGen      total 14848K, used 2016K [0x00000000d6600000, 0x00000000d8300000, 0x0000000100000000)
  eden space 12800K, 0% used [0x00000000d6600000,0x00000000d6600000,0x00000000d7280000)
  from space 2048K, 98% used [0x00000000d7280000,0x00000000d7478020,0x00000000d7480000)
  to   space 2048K, 0% used [0x00000000d8100000,0x00000000d8100000,0x00000000d8300000)
 ParOldGen       total 34304K, used 2734K [0x0000000083200000, 0x0000000085380000, 0x00000000d6600000)
  object space 34304K, 7% used [0x0000000083200000,0x00000000834ab8f8,0x0000000085380000)
 Metaspace       used 15070K, capacity 15798K, committed 16128K, reserved 1062912K
  class space    used 2254K, capacity 2459K, committed 2560K, reserved 1048576K
}
Event: 5.577 GC heap before
{Heap before GC invocations=4 (full 0):
 PSYoungGen      total 14848K, used 14816K [0x00000000d6600000, 0x00000000d8300000, 0x0000000100000000)
  eden space 12800K, 100% used [0x00000000d6600000,0x00000000d7280000,0x00000000d7280000)
  from space 2048K, 98% used [0x00000000d7280000,0x00000000d7478020,0x00000000d7480000)
  to   space 2048K, 0% used [0x00000000d8100000,0x00000000d8100000,0x00000000d8300000)
 ParOldGen       total 34304K, used 2734K [0x0000000083200000, 0x0000000085380000, 0x00000000d6600000)
  object space 34304K, 7% used [0x0000000083200000,0x00000000834ab8f8,0x0000000085380000)
 Metaspace       used 18435K, capacity 19396K, committed 19584K, reserved 1067008K
  class space    used 2709K, capacity 2924K, committed 2944K, reserved 1048576K
Event: 5.584 GC heap after
Heap after GC invocations=4 (full 0):
 PSYoungGen      total 14848K, used 2016K [0x00000000d6600000, 0x00000000d8300000, 0x0000000100000000)
  eden space 12800K, 0% used [0x00000000d6600000,0x00000000d6600000,0x00000000d7280000)
  from space 2048K, 98% used [0x00000000d8100000,0x00000000d82f8038,0x00000000d8300000)
  to   space 2048K, 0% used [0x00000000d7280000,0x00000000d7280000,0x00000000d7480000)
 ParOldGen       total 34304K, used 4979K [0x0000000083200000, 0x0000000085380000, 0x00000000d6600000)
  object space 34304K, 14% used [0x0000000083200000,0x00000000836dce20,0x0000000085380000)
 Metaspace       used 18435K, capacity 19396K, committed 19584K, reserved 1067008K
  class space    used 2709K, capacity 2924K, committed 2944K, reserved 1048576K
}
Event: 8.242 GC heap before
{Heap before GC invocations=5 (full 0):
 PSYoungGen      total 14848K, used 14816K [0x00000000d6600000, 0x00000000d8300000, 0x0000000100000000)
  eden space 12800K, 100% used [0x00000000d6600000,0x00000000d7280000,0x00000000d7280000)
  from space 2048K, 98% used [0x00000000d8100000,0x00000000d82f8038,0x00000000d8300000)
  to   space 2048K, 0% used [0x00000000d7280000,0x00000000d7280000,0x00000000d7480000)
 ParOldGen       total 34304K, used 4979K [0x0000000083200000, 0x0000000085380000, 0x00000000d6600000)
  object space 34304K, 14% used [0x0000000083200000,0x00000000836dce20,0x0000000085380000)
 Metaspace       used 19007K, capacity 19924K, committed 20096K, reserved 1067008K
  class space    used 2713K, capacity 2928K, committed 2944K, reserved 1048576K
Event: 8.253 GC heap after
Heap after GC invocations=5 (full 0):
 PSYoungGen      total 14848K, used 2016K [0x00000000d6600000, 0x00000000d8180000, 0x0000000100000000)
  eden space 12800K, 0% used [0x00000000d6600000,0x00000000d6600000,0x00000000d7280000)
  from space 2048K, 98% used [0x00000000d7280000,0x00000000d7478020,0x00000000d7480000)
  to   space 7680K, 0% used [0x00000000d7a00000,0x00000000d7a00000,0x00000000d8180000)
 ParOldGen       total 34304K, used 9995K [0x0000000083200000, 0x0000000085380000, 0x00000000d6600000)
  object space 34304K, 29% used [0x0000000083200000,0x0000000083bc2e58,0x0000000085380000)
 Metaspace       used 19007K, capacity 19924K, committed 20096K, reserved 1067008K
  class space    used 2713K, capacity 2928K, committed 2944K, reserved 1048576K
}

