# JRE version: Java(TM) SE Runtime Environment (8.0_171-b11) (build 1.8.0_171-b11)
# Java VM: Java HotSpot(TM) 64-Bit Server VM (25.171-b11 mixed mode linux-amd64 compressed oops)
Heap:
 PSYoungGen      total 14848K, used 2366K [0x00000000d6600000, 0x00000000d8180000, 0x0000000100000000)
  eden space 12800K, 2% used [0x00000000d6600000,0x00000000d66578d0,0x00000000d7280000)
  from space 2048K, 98% used [0x00000000d7280000,0x00000000d7478010,0x00000000d7480000)
  to   space 5632K, 0% used [0x00000000d7c00000,0x00000000d7c00000,0x00000000d8180000)
 ParOldGen       total 34304K, used 6289K [0x0000000083200000, 0x0000000085380000, 0x00000000d6600000)
  object space 34304K, 18% used [0x0000000083200000,0x0000000083824488,0x0000000085380000)
 Metaspace       used 18898K, capacity 19716K, committed 19968K, reserved 1067008K
  class space    used 2593K, capacity 2810K, committed 2816K, reserved 1048576K
GC Heap History (10 events):
Event: 0.410 GC heap before
{Heap before GC invocations=1 (full 0):
 PSYoungGen      total 14848K, used 12800K [0x00000000d6600000, 0x00000000d7680000, 0x0000000100000000)
  eden space 12800K, 100% used [0x00000000d6600000,0x00000000d7280000,0x00000000d7280000)
  from space 2048K, 0% used [0x00000000d7480000,0x00000000d7480000,0x00000000d7680000)
  to   space 2048K, 0% used [0x00000000d7280000,0x00000000d7280000,0x00000000d7480000)
 ParOldGen       total 34304K, used 0K [0x0000000083200000, 0x0000000085380000, 0x00000000d6600000)
  object space 34304K, 0% used [0x0000000083200000,0x0000000083200000,0x0000000085380000)
 Metaspace       used 7532K, capacity 7868K, committed 7936K, reserved 1056768K
  class space    used 864K, capacity 963K, committed 1024K, reserved 1048576K
Event: 0.413 GC heap after
Heap after GC invocations=1 (full 0):
 PSYoungGen      total 14848K, used 1776K [0x00000000d6600000, 0x00000000d7680000, 0x0000000100000000)
  eden space 12800K, 0% used [0x00000000d6600000,0x00000000d6600000,0x00000000d7280000)
  from space 2048K, 86% used [0x00000000d7280000,0x00000000d743c040,0x00000000d7480000)
  to   space 2048K, 0% used [0x00000000d7480000,0x00000000d7480000,0x00000000d7680000)
 ParOldGen       total 34304K, used 8K [0x0000000083200000, 0x0000000085380000, 0x00000000d6600000)
  object space 34304K, 0% used [0x0000000083200000,0x0000000083202000,0x0000000085380000)
 Metaspace       used 7532K, capacity 7868K, committed 7936K, reserved 1056768K
  class space    used 864K, capacity 963K, committed 1024K, reserved 1048576K
}
Event: 0.727 GC heap before
{Heap before GC invocations=2 (full 0):
 PSYoungGen      total 14848K, used 14576K [0x00000000d6600000, 0x00000000d7680000, 0x0000000100000000)
  eden space 12800K, 100% used [0x00000000d6600000,0x00000000d7280000,0x00000000d7280000)
  from space 2048K, 86% used [0x00000000d7280000,0x00000000d743c040,0x00000000d7480000)
  to   space 2048K, 0% used [0x00000000d7480000,0x00000000d7480000,0x00000000d7680000)
 ParOldGen       total 34304K, used 8K [0x0000000083200000, 0x0000000085380000, 0x00000000d6600000)
  object space 34304K, 0% used [0x0000000083200000,0x0000000083202000,0x0000000085380000)
 Metaspace       used 11749K, capacity 12152K, committed 12416K, reserved 1060864K
  class space    used 1515K, capacity 1634K, committed 1664K, reserved 1048576K
Event: 0.732 GC heap after
Heap after GC invocations=2 (full 0):
 PSYoungGen      total 14848K, used 2016K [0x00000000d6600000, 0x00000000d8300000, 0x0000000100000000)
  eden space 12800K, 0% used [0x00000000d6600000,0x00000000d6600000,0x00000000d7280000)
  from space 2048K, 98% used [0x00000000d7480000,0x00000000d7678020,0x00000000d7680000)
  to   space 2048K, 0% used [0x00000000d7280000,0x00000000d7280000,0x00000000d7480000)
 ParOldGen       total 34304K, used 1782K [0x0000000083200000, 0x0000000085380000, 0x00000000d6600000)
  object space 34304K, 5% used [0x0000000083200000,0x00000000833bdaf8,0x0000000085380000)
 Metaspace       used 11749K, capacity 12152K, committed 12416K, reserved 1060864K
  class space    used 1515K, capacity 1634K, committed 1664K, reserved 1048576K
}
Event: 1.132 GC heap before
{Heap before GC invocations=3 (full 0):
 PSYoungGen      total 14848K, used 14816K [0x00000000d6600000, 0x00000000d8300000, 0x0000000100000000)
  eden space 12800K, 100% used [0x00000000d6600000,0x00000000d7280000,0x00000000d7280000)
  from space 2048K, 98% used [0x00000000d7480000,0x00000000d7678020,0x00000000d7680000)
  to   space 2048K, 0% used [0x00000000d7280000,0x00000000d7280000,0x00000000d7480000)
 ParOldGen       total 34304K, used 1782K [0x0000000083200000, 0x0000000085380000, 0x00000000d6600000)
  object space 34304K, 5% used [0x0000000083200000,0x00000000833bdaf8,0x0000000085380000)
 Metaspace       used 15392K, capacity 16086K, committed 16384K, reserved 1062912K
  class space    used 2288K, capacity 2491K, committed 2560K, reserved 1048576K
Event: 1.139 GC heap after
Heap after GC invocations=3 (full 0):
 PSYoungGen      total 14848K, used 2016K [0x00000000d6600000, 0x00000000d8300000, 0x0000000100000000)
  eden space 12800K, 0% used [0x00000000d6600000,0x00000000d6600000,0x00000000d7280000)
  from space 2048K, 98% used [0x00000000d7280000,0x00000000d7478010,0x00000000d7480000)
  to   space 2048K, 0% used [0x00000000d8100000,0x00000000d8100000,0x00000000d8300000)
 ParOldGen       total 34304K, used 2921K [0x0000000083200000, 0x0000000085380000, 0x00000000d6600000)
  object space 34304K, 8% used [0x0000000083200000,0x00000000834da430,0x0000000085380000)
 Metaspace       used 15392K, capacity 16086K, committed 16384K, reserved 1062912K
  class space    used 2288K, capacity 2491K, committed 2560K, reserved 1048576K
}
Event: 6.133 GC heap before
{Heap before GC invocations=4 (full 0):
 PSYoungGen      total 14848K, used 14816K [0x00000000d6600000, 0x00000000d8300000, 0x0000000100000000)
  eden space 12800K, 100% used [0x00000000d6600000,0x00000000d7280000,0x00000000d7280000)
  from space 2048K, 98% used [0x00000000d7280000,0x00000000d7478010,0x00000000d7480000)
  to   space 2048K, 0% used [0x00000000d8100000,0x00000000d8100000,0x00000000d8300000)
 ParOldGen       total 34304K, used 2921K [0x0000000083200000, 0x0000000085380000, 0x00000000d6600000)
  object space 34304K, 8% used [0x0000000083200000,0x00000000834da430,0x0000000085380000)
 Metaspace       used 18106K, capacity 18868K, committed 18944K, reserved 1064960K
  class space    used 2577K, capacity 2768K, committed 2816K, reserved 1048576K
Event: 6.142 GC heap after
Heap after GC invocations=4 (full 0):
 PSYoungGen      total 14848K, used 2016K [0x00000000d6600000, 0x00000000d8300000, 0x0000000100000000)
  eden space 12800K, 0% used [0x00000000d6600000,0x00000000d6600000,0x00000000d7280000)
  from space 2048K, 98% used [0x00000000d8100000,0x00000000d82f8028,0x00000000d8300000)
  to   space 2048K, 0% used [0x00000000d7280000,0x00000000d7280000,0x00000000d7480000)
 ParOldGen       total 34304K, used 6029K [0x0000000083200000, 0x0000000085380000, 0x00000000d6600000)
  object space 34304K, 17% used [0x0000000083200000,0x00000000837e3450,0x0000000085380000)
 Metaspace       used 18106K, capacity 18868K, committed 18944K, reserved 1064960K
  class space    used 2577K, capacity 2768K, committed 2816K, reserved 1048576K
}
Event: 66.287 GC heap before
{Heap before GC invocations=5 (full 0):
 PSYoungGen      total 14848K, used 14816K [0x00000000d6600000, 0x00000000d8300000, 0x0000000100000000)
  eden space 12800K, 100% used [0x00000000d6600000,0x00000000d7280000,0x00000000d7280000)
  from space 2048K, 98% used [0x00000000d8100000,0x00000000d82f8028,0x00000000d8300000)
  to   space 2048K, 0% used [0x00000000d7280000,0x00000000d7280000,0x00000000d7480000)
 ParOldGen       total 34304K, used 6029K [0x0000000083200000, 0x0000000085380000, 0x00000000d6600000)
  object space 34304K, 17% used [0x0000000083200000,0x00000000837e3450,0x0000000085380000)
 Metaspace       used 18898K, capacity 19716K, committed 19968K, reserved 1067008K
  class space    used 2593K, capacity 2810K, committed 2816K, reserved 1048576K
Event: 66.296 GC heap after
Heap after GC invocations=5 (full 0):
 PSYoungGen      total 14848K, used 2016K [0x00000000d6600000, 0x00000000d8180000, 0x0000000100000000)
  eden space 12800K, 0% used [0x00000000d6600000,0x00000000d6600000,0x00000000d7280000)
  from space 2048K, 98% used [0x00000000d7280000,0x00000000d7478010,0x00000000d7480000)
  to   space 5632K, 0% used [0x00000000d7c00000,0x00000000d7c00000,0x00000000d8180000)
 ParOldGen       total 34304K, used 6289K [0x0000000083200000, 0x0000000085380000, 0x00000000d6600000)
  object space 34304K, 18% used [0x0000000083200000,0x0000000083824488,0x0000000085380000)
 Metaspace       used 18898K, capacity 19716K, committed 19968K, reserved 1067008K
  class space    used 2593K, capacity 2810K, committed 2816K, reserved 1048576K
}

