# JRE version: Java(TM) SE Runtime Environment (8.0_171-b11) (build 1.8.0_171-b11)
# Java VM: Java HotSpot(TM) 64-Bit Server VM (25.171-b11 mixed mode linux-amd64 compressed oops)
Heap:
 PSYoungGen      total 14848K, used 2308K [0x00000000d6600000, 0x00000000d8180000, 0x0000000100000000)
  eden space 12800K, 2% used [0x00000000d6600000,0x00000000d6649080,0x00000000d7280000)
  from space 2048K, 98% used [0x00000000d7280000,0x00000000d7478038,0x00000000d7480000)
  to   space 5632K, 0% used [0x00000000d7c00000,0x00000000d7c00000,0x00000000d8180000)
 ParOldGen       total 34304K, used 6376K [0x0000000083200000, 0x0000000085380000, 0x00000000d6600000)
  object space 34304K, 18% used [0x0000000083200000,0x000000008383a298,0x0000000085380000)
 Metaspace       used 18777K, capacity 19584K, committed 19712K, reserved 1067008K
  class space    used 2595K, capacity 2810K, committed 2816K, reserved 1048576K
GC Heap History (10 events):
Event: 0.444 GC heap before
{Heap before GC invocations=1 (full 0):
 PSYoungGen      total 14848K, used 12800K [0x00000000d6600000, 0x00000000d7680000, 0x0000000100000000)
  eden space 12800K, 100% used [0x00000000d6600000,0x00000000d7280000,0x00000000d7280000)
  from space 2048K, 0% used [0x00000000d7480000,0x00000000d7480000,0x00000000d7680000)
  to   space 2048K, 0% used [0x00000000d7280000,0x00000000d7280000,0x00000000d7480000)
 ParOldGen       total 34304K, used 0K [0x0000000083200000, 0x0000000085380000, 0x00000000d6600000)
  object space 34304K, 0% used [0x0000000083200000,0x0000000083200000,0x0000000085380000)
 Metaspace       used 7521K, capacity 7804K, committed 7936K, reserved 1056768K
  class space    used 864K, capacity 963K, committed 1024K, reserved 1048576K
Event: 0.446 GC heap after
Heap after GC invocations=1 (full 0):
 PSYoungGen      total 14848K, used 1744K [0x00000000d6600000, 0x00000000d7680000, 0x0000000100000000)
  eden space 12800K, 0% used [0x00000000d6600000,0x00000000d6600000,0x00000000d7280000)
  from space 2048K, 85% used [0x00000000d7280000,0x00000000d7434040,0x00000000d7480000)
  to   space 2048K, 0% used [0x00000000d7480000,0x00000000d7480000,0x00000000d7680000)
 ParOldGen       total 34304K, used 8K [0x0000000083200000, 0x0000000085380000, 0x00000000d6600000)
  object space 34304K, 0% used [0x0000000083200000,0x0000000083202000,0x0000000085380000)
 Metaspace       used 7521K, capacity 7804K, committed 7936K, reserved 1056768K
  class space    used 864K, capacity 963K, committed 1024K, reserved 1048576K
}
Event: 0.733 GC heap before
{Heap before GC invocations=2 (full 0):
 PSYoungGen      total 14848K, used 14544K [0x00000000d6600000, 0x00000000d7680000, 0x0000000100000000)
  eden space 12800K, 100% used [0x00000000d6600000,0x00000000d7280000,0x00000000d7280000)
  from space 2048K, 85% used [0x00000000d7280000,0x00000000d7434040,0x00000000d7480000)
  to   space 2048K, 0% used [0x00000000d7480000,0x00000000d7480000,0x00000000d7680000)
 ParOldGen       total 34304K, used 8K [0x0000000083200000, 0x0000000085380000, 0x00000000d6600000)
  object space 34304K, 0% used [0x0000000083200000,0x0000000083202000,0x0000000085380000)
 Metaspace       used 11770K, capacity 12216K, committed 12416K, reserved 1060864K
  class space    used 1515K, capacity 1634K, committed 1664K, reserved 1048576K
Event: 0.739 GC heap after
Heap after GC invocations=2 (full 0):
 PSYoungGen      total 14848K, used 2016K [0x00000000d6600000, 0x00000000d8300000, 0x0000000100000000)
  eden space 12800K, 0% used [0x00000000d6600000,0x00000000d6600000,0x00000000d7280000)
  from space 2048K, 98% used [0x00000000d7480000,0x00000000d7678020,0x00000000d7680000)
  to   space 2048K, 0% used [0x00000000d7280000,0x00000000d7280000,0x00000000d7480000)
 ParOldGen       total 34304K, used 1759K [0x0000000083200000, 0x0000000085380000, 0x00000000d6600000)
  object space 34304K, 5% used [0x0000000083200000,0x00000000833b7f58,0x0000000085380000)
 Metaspace       used 11770K, capacity 12216K, committed 12416K, reserved 1060864K
  class space    used 1515K, capacity 1634K, committed 1664K, reserved 1048576K
}
Event: 1.113 GC heap before
{Heap before GC invocations=3 (full 0):
 PSYoungGen      total 14848K, used 14816K [0x00000000d6600000, 0x00000000d8300000, 0x0000000100000000)
  eden space 12800K, 100% used [0x00000000d6600000,0x00000000d7280000,0x00000000d7280000)
  from space 2048K, 98% used [0x00000000d7480000,0x00000000d7678020,0x00000000d7680000)
  to   space 2048K, 0% used [0x00000000d7280000,0x00000000d7280000,0x00000000d7480000)
 ParOldGen       total 34304K, used 1759K [0x0000000083200000, 0x0000000085380000, 0x00000000d6600000)
  object space 34304K, 5% used [0x0000000083200000,0x00000000833b7f58,0x0000000085380000)
 Metaspace       used 15392K, capacity 16086K, committed 16384K, reserved 1062912K
  class space    used 2290K, capacity 2491K, committed 2560K, reserved 1048576K
Event: 1.116 GC heap after
Heap after GC invocations=3 (full 0):
 PSYoungGen      total 14848K, used 2016K [0x00000000d6600000, 0x00000000d8300000, 0x0000000100000000)
  eden space 12800K, 0% used [0x00000000d6600000,0x00000000d6600000,0x00000000d7280000)
  from space 2048K, 98% used [0x00000000d7280000,0x00000000d7478020,0x00000000d7480000)
  to   space 2048K, 0% used [0x00000000d8100000,0x00000000d8100000,0x00000000d8300000)
 ParOldGen       total 34304K, used 2898K [0x0000000083200000, 0x0000000085380000, 0x00000000d6600000)
  object space 34304K, 8% used [0x0000000083200000,0x00000000834d4870,0x0000000085380000)
 Metaspace       used 15392K, capacity 16086K, committed 16384K, reserved 1062912K
  class space    used 2290K, capacity 2491K, committed 2560K, reserved 1048576K
}
Event: 6.218 GC heap before
{Heap before GC invocations=4 (full 0):
 PSYoungGen      total 14848K, used 14816K [0x00000000d6600000, 0x00000000d8300000, 0x0000000100000000)
  eden space 12800K, 100% used [0x00000000d6600000,0x00000000d7280000,0x00000000d7280000)
  from space 2048K, 98% used [0x00000000d7280000,0x00000000d7478020,0x00000000d7480000)
  to   space 2048K, 0% used [0x00000000d8100000,0x00000000d8100000,0x00000000d8300000)
 ParOldGen       total 34304K, used 2898K [0x0000000083200000, 0x0000000085380000, 0x00000000d6600000)
  object space 34304K, 8% used [0x0000000083200000,0x00000000834d4870,0x0000000085380000)
 Metaspace       used 18086K, capacity 18904K, committed 18944K, reserved 1064960K
  class space    used 2582K, capacity 2800K, committed 2816K, reserved 1048576K
Event: 6.229 GC heap after
Heap after GC invocations=4 (full 0):
 PSYoungGen      total 14848K, used 2016K [0x00000000d6600000, 0x00000000d8300000, 0x0000000100000000)
  eden space 12800K, 0% used [0x00000000d6600000,0x00000000d6600000,0x00000000d7280000)
  from space 2048K, 98% used [0x00000000d8100000,0x00000000d82f8038,0x00000000d8300000)
  to   space 2048K, 0% used [0x00000000d7280000,0x00000000d7280000,0x00000000d7480000)
 ParOldGen       total 34304K, used 6020K [0x0000000083200000, 0x0000000085380000, 0x00000000d6600000)
  object space 34304K, 17% used [0x0000000083200000,0x00000000837e1078,0x0000000085380000)
 Metaspace       used 18086K, capacity 18904K, committed 18944K, reserved 1064960K
  class space    used 2582K, capacity 2800K, committed 2816K, reserved 1048576K
}
Event: 59.235 GC heap before
{Heap before GC invocations=5 (full 0):
 PSYoungGen      total 14848K, used 14816K [0x00000000d6600000, 0x00000000d8300000, 0x0000000100000000)
  eden space 12800K, 100% used [0x00000000d6600000,0x00000000d7280000,0x00000000d7280000)
  from space 2048K, 98% used [0x00000000d8100000,0x00000000d82f8038,0x00000000d8300000)
  to   space 2048K, 0% used [0x00000000d7280000,0x00000000d7280000,0x00000000d7480000)
 ParOldGen       total 34304K, used 6020K [0x0000000083200000, 0x0000000085380000, 0x00000000d6600000)
  object space 34304K, 17% used [0x0000000083200000,0x00000000837e1078,0x0000000085380000)
 Metaspace       used 18777K, capacity 19584K, committed 19712K, reserved 1067008K
  class space    used 2595K, capacity 2810K, committed 2816K, reserved 1048576K
Event: 59.248 GC heap after
Heap after GC invocations=5 (full 0):
 PSYoungGen      total 14848K, used 2016K [0x00000000d6600000, 0x00000000d8180000, 0x0000000100000000)
  eden space 12800K, 0% used [0x00000000d6600000,0x00000000d6600000,0x00000000d7280000)
  from space 2048K, 98% used [0x00000000d7280000,0x00000000d7478038,0x00000000d7480000)
  to   space 5632K, 0% used [0x00000000d7c00000,0x00000000d7c00000,0x00000000d8180000)
 ParOldGen       total 34304K, used 6376K [0x0000000083200000, 0x0000000085380000, 0x00000000d6600000)
  object space 34304K, 18% used [0x0000000083200000,0x000000008383a298,0x0000000085380000)
 Metaspace       used 18777K, capacity 19584K, committed 19712K, reserved 1067008K
  class space    used 2595K, capacity 2810K, committed 2816K, reserved 1048576K
}

